19.02.2023 17:54:52 count А  = 88 
19.02.2023 17:54:52 count Б  = 15 
19.02.2023 17:54:52 count В  = 64 
19.02.2023 17:54:52 count Г  = 22 
19.02.2023 17:54:52 count Д  = 51 
19.02.2023 17:54:52 count Е  = 105 
19.02.2023 17:54:52 count Ж  = 16 
19.02.2023 17:54:52 count З  = 23 
19.02.2023 17:54:52 count И  = 92 
19.02.2023 17:54:52 count Й  = 13 
19.02.2023 17:54:52 count К  = 28 
19.02.2023 17:54:52 count Л  = 36 
19.02.2023 17:54:52 count М  = 49 
19.02.2023 17:54:52 count Н  = 84 
19.02.2023 17:54:52 count О  = 158 
19.02.2023 17:54:52 count П  = 31 
19.02.2023 17:54:52 count Р  = 62 
19.02.2023 17:54:52 count С  = 67 
19.02.2023 17:54:52 count Т  = 93 
19.02.2023 17:54:52 count У  = 25 
19.02.2023 17:54:52 count Ф  = 3 
19.02.2023 17:54:52 count Х  = 16 
19.02.2023 17:54:52 count Ц  = 5 
19.02.2023 17:54:52 count Ч  = 8 
19.02.2023 17:54:52 count Ш  = 2 
19.02.2023 17:54:52 count Щ  = 3 
19.02.2023 17:54:52 count Ы  = 25 
19.02.2023 17:54:52 count Ь  = 30 
19.02.2023 17:54:52 count Э  = 11 
19.02.2023 17:54:52 count Ю  = 14 
19.02.2023 17:54:52 count Я  = 37 
19.02.2023 17:54:52 count –  = 6 
19.02.2023 17:54:52 count 0  = 8321 
19.02.2023 17:54:52 count 1  = 5799 
19.02.2023 17:54:52 count A  = 90 
19.02.2023 17:54:52 count B  = 13 
19.02.2023 17:54:52 count C  = 39 
19.02.2023 17:54:52 count D  = 57 
19.02.2023 17:54:52 count E  = 298 
19.02.2023 17:54:52 count F  = 22 
19.02.2023 17:54:52 count G  = 15 
19.02.2023 17:54:52 count H  = 10 
19.02.2023 17:54:52 count I  = 93 
19.02.2023 17:54:52 count J  = 1 
19.02.2023 17:54:52 count L  = 89 
19.02.2023 17:54:52 count M  = 43 
19.02.2023 17:54:52 count N  = 136 
19.02.2023 17:54:52 count O  = 103 
19.02.2023 17:54:52 count P  = 84 
19.02.2023 17:54:52 count Q  = 14 
19.02.2023 17:54:52 count R  = 130 
19.02.2023 17:54:52 count S  = 153 
19.02.2023 17:54:52 count T  = 117 
19.02.2023 17:54:52 count U  = 103 
19.02.2023 17:54:52 count V  = 35 
19.02.2023 17:54:52 count X  = 5 
19.02.2023 17:54:52 count Y  = 1 
19.02.2023 17:54:52 count Z  = 3 
19.02.2023 17:54:52 count À  = 6 
19.02.2023 17:54:52 count È  = 3 
19.02.2023 17:54:52 count É  = 43 
19.02.2023 17:54:52 count Ê  = 2 
19.02.2023 17:54:52 count Ù  = 3 
19.02.2023 17:54:52 count 0  = 13044 
19.02.2023 17:54:52 count 1  = 13110 
19.02.2023 18:00:11 count А  = 88 
19.02.2023 18:00:11 count Б  = 15 
19.02.2023 18:00:11 count В  = 64 
19.02.2023 18:00:11 count Г  = 22 
19.02.2023 18:00:11 count Д  = 51 
19.02.2023 18:00:11 count Е  = 105 
19.02.2023 18:00:11 count Ж  = 16 
19.02.2023 18:00:11 count З  = 23 
19.02.2023 18:00:11 count И  = 92 
19.02.2023 18:00:11 count Й  = 13 
19.02.2023 18:00:11 count К  = 28 
19.02.2023 18:00:11 count Л  = 36 
19.02.2023 18:00:11 count М  = 49 
19.02.2023 18:00:11 count Н  = 84 
19.02.2023 18:00:11 count О  = 158 
19.02.2023 18:00:11 count П  = 31 
19.02.2023 18:00:11 count Р  = 62 
19.02.2023 18:00:11 count С  = 67 
19.02.2023 18:00:11 count Т  = 93 
19.02.2023 18:00:11 count У  = 25 
19.02.2023 18:00:11 count Ф  = 3 
19.02.2023 18:00:11 count Х  = 16 
19.02.2023 18:00:11 count Ц  = 5 
19.02.2023 18:00:11 count Ч  = 8 
19.02.2023 18:00:11 count Ш  = 2 
19.02.2023 18:00:11 count Щ  = 3 
19.02.2023 18:00:11 count Ы  = 25 
19.02.2023 18:00:11 count Ь  = 30 
19.02.2023 18:00:11 count Э  = 11 
19.02.2023 18:00:11 count Ю  = 14 
19.02.2023 18:00:11 count Я  = 37 
19.02.2023 18:00:11 count –  = 6 
19.02.2023 18:00:11 count 0  = 8321 
19.02.2023 18:00:11 count 1  = 5799 
19.02.2023 18:00:11 count A  = 90 
19.02.2023 18:00:11 count B  = 13 
19.02.2023 18:00:11 count C  = 39 
19.02.2023 18:00:11 count D  = 57 
19.02.2023 18:00:11 count E  = 298 
19.02.2023 18:00:11 count F  = 22 
19.02.2023 18:00:11 count G  = 15 
19.02.2023 18:00:11 count H  = 10 
19.02.2023 18:00:11 count I  = 93 
19.02.2023 18:00:11 count J  = 1 
19.02.2023 18:00:11 count L  = 89 
19.02.2023 18:00:11 count M  = 43 
19.02.2023 18:00:11 count N  = 136 
19.02.2023 18:00:11 count O  = 103 
19.02.2023 18:00:11 count P  = 84 
19.02.2023 18:00:11 count Q  = 14 
19.02.2023 18:00:11 count R  = 130 
19.02.2023 18:00:11 count S  = 153 
19.02.2023 18:00:11 count T  = 117 
19.02.2023 18:00:11 count U  = 103 
19.02.2023 18:00:11 count V  = 35 
19.02.2023 18:00:11 count X  = 5 
19.02.2023 18:00:11 count Y  = 1 
19.02.2023 18:00:11 count Z  = 3 
19.02.2023 18:00:11 count À  = 6 
19.02.2023 18:00:11 count È  = 3 
19.02.2023 18:00:11 count É  = 43 
19.02.2023 18:00:11 count Ê  = 2 
19.02.2023 18:00:11 count Ù  = 3 
19.02.2023 18:00:11 count 0  = 13044 
19.02.2023 18:00:11 count 1  = 13110 
19.02.2023 18:00:44 count А  = 88 
19.02.2023 18:00:44 count Б  = 15 
19.02.2023 18:00:44 count В  = 64 
19.02.2023 18:00:44 count Г  = 22 
19.02.2023 18:00:44 count Д  = 51 
19.02.2023 18:00:44 count Е  = 105 
19.02.2023 18:00:44 count Ж  = 16 
19.02.2023 18:00:44 count З  = 23 
19.02.2023 18:00:44 count И  = 92 
19.02.2023 18:00:44 count Й  = 13 
19.02.2023 18:00:44 count К  = 28 
19.02.2023 18:00:44 count Л  = 36 
19.02.2023 18:00:44 count М  = 49 
19.02.2023 18:00:44 count Н  = 84 
19.02.2023 18:00:44 count О  = 158 
19.02.2023 18:00:44 count П  = 31 
19.02.2023 18:00:44 count Р  = 62 
19.02.2023 18:00:44 count С  = 67 
19.02.2023 18:00:44 count Т  = 93 
19.02.2023 18:00:44 count У  = 25 
19.02.2023 18:00:44 count Ф  = 3 
19.02.2023 18:00:44 count Х  = 16 
19.02.2023 18:00:44 count Ц  = 5 
19.02.2023 18:00:44 count Ч  = 8 
19.02.2023 18:00:44 count Ш  = 2 
19.02.2023 18:00:44 count Щ  = 3 
19.02.2023 18:00:44 count Ы  = 25 
19.02.2023 18:00:44 count Ь  = 30 
19.02.2023 18:00:44 count Э  = 11 
19.02.2023 18:00:44 count Ю  = 14 
19.02.2023 18:00:44 count Я  = 37 
19.02.2023 18:00:44 count –  = 6 
19.02.2023 18:00:44 count 0  = 8321 
19.02.2023 18:00:44 count 1  = 5799 
19.02.2023 18:00:44 count A  = 90 
19.02.2023 18:00:44 count B  = 13 
19.02.2023 18:00:44 count C  = 39 
19.02.2023 18:00:44 count D  = 57 
19.02.2023 18:00:44 count E  = 298 
19.02.2023 18:00:44 count F  = 22 
19.02.2023 18:00:44 count G  = 15 
19.02.2023 18:00:44 count H  = 10 
19.02.2023 18:00:44 count I  = 93 
19.02.2023 18:00:44 count J  = 1 
19.02.2023 18:00:44 count L  = 89 
19.02.2023 18:00:44 count M  = 43 
19.02.2023 18:00:44 count N  = 136 
19.02.2023 18:00:44 count O  = 103 
19.02.2023 18:00:44 count P  = 84 
19.02.2023 18:00:44 count Q  = 14 
19.02.2023 18:00:44 count R  = 130 
19.02.2023 18:00:44 count S  = 153 
19.02.2023 18:00:44 count T  = 117 
19.02.2023 18:00:44 count U  = 103 
19.02.2023 18:00:44 count V  = 35 
19.02.2023 18:00:44 count X  = 5 
19.02.2023 18:00:44 count Y  = 1 
19.02.2023 18:00:44 count Z  = 3 
19.02.2023 18:00:44 count À  = 6 
19.02.2023 18:00:44 count È  = 3 
19.02.2023 18:00:44 count É  = 43 
19.02.2023 18:00:44 count Ê  = 2 
19.02.2023 18:00:44 count Ù  = 3 
19.02.2023 18:00:44 count 0  = 13044 
19.02.2023 18:00:44 count 1  = 13110 
19.02.2023 18:02:22 count А  = 88 
19.02.2023 18:02:22 count Б  = 15 
19.02.2023 18:02:22 count В  = 64 
19.02.2023 18:02:22 count Г  = 22 
19.02.2023 18:02:22 count Д  = 51 
19.02.2023 18:02:22 count Е  = 105 
19.02.2023 18:02:22 count Ж  = 16 
19.02.2023 18:02:22 count З  = 23 
19.02.2023 18:02:22 count И  = 92 
19.02.2023 18:02:22 count Й  = 13 
19.02.2023 18:02:22 count К  = 28 
19.02.2023 18:02:22 count Л  = 36 
19.02.2023 18:02:22 count М  = 49 
19.02.2023 18:02:22 count Н  = 84 
19.02.2023 18:02:22 count О  = 158 
19.02.2023 18:02:22 count П  = 31 
19.02.2023 18:02:22 count Р  = 62 
19.02.2023 18:02:22 count С  = 67 
19.02.2023 18:02:22 count Т  = 93 
19.02.2023 18:02:22 count У  = 25 
19.02.2023 18:02:22 count Ф  = 3 
19.02.2023 18:02:22 count Х  = 16 
19.02.2023 18:02:22 count Ц  = 5 
19.02.2023 18:02:22 count Ч  = 8 
19.02.2023 18:02:22 count Ш  = 2 
19.02.2023 18:02:22 count Щ  = 3 
19.02.2023 18:02:22 count Ы  = 25 
19.02.2023 18:02:22 count Ь  = 30 
19.02.2023 18:02:22 count Э  = 11 
19.02.2023 18:02:22 count Ю  = 14 
19.02.2023 18:02:22 count Я  = 37 
19.02.2023 18:02:22 count –  = 6 
19.02.2023 18:02:22 count 0  = 8321 
19.02.2023 18:02:22 count 1  = 5799 
19.02.2023 18:02:22 count A  = 90 
19.02.2023 18:02:22 count B  = 13 
19.02.2023 18:02:22 count C  = 39 
19.02.2023 18:02:22 count D  = 57 
19.02.2023 18:02:22 count E  = 298 
19.02.2023 18:02:22 count F  = 22 
19.02.2023 18:02:22 count G  = 15 
19.02.2023 18:02:22 count H  = 10 
19.02.2023 18:02:22 count I  = 93 
19.02.2023 18:02:22 count J  = 1 
19.02.2023 18:02:22 count L  = 89 
19.02.2023 18:02:22 count M  = 43 
19.02.2023 18:02:22 count N  = 136 
19.02.2023 18:02:22 count O  = 103 
19.02.2023 18:02:22 count P  = 84 
19.02.2023 18:02:22 count Q  = 14 
19.02.2023 18:02:22 count R  = 130 
19.02.2023 18:02:22 count S  = 153 
19.02.2023 18:02:22 count T  = 117 
19.02.2023 18:02:22 count U  = 103 
19.02.2023 18:02:22 count V  = 35 
19.02.2023 18:02:22 count X  = 5 
19.02.2023 18:02:22 count Y  = 1 
19.02.2023 18:02:22 count Z  = 3 
19.02.2023 18:02:22 count À  = 6 
19.02.2023 18:02:22 count È  = 3 
19.02.2023 18:02:22 count É  = 43 
19.02.2023 18:02:22 count Ê  = 2 
19.02.2023 18:02:22 count Ù  = 3 
19.02.2023 18:02:22 count 0  = 13044 
19.02.2023 18:02:22 count 1  = 13110 
19.02.2023 18:05:04 count А  = 88 
19.02.2023 18:05:04 count Б  = 15 
19.02.2023 18:05:04 count В  = 64 
19.02.2023 18:05:04 count Г  = 22 
19.02.2023 18:05:04 count Д  = 51 
19.02.2023 18:05:04 count Е  = 105 
19.02.2023 18:05:04 count Ж  = 16 
19.02.2023 18:05:04 count З  = 23 
19.02.2023 18:05:04 count И  = 92 
19.02.2023 18:05:04 count Й  = 13 
19.02.2023 18:05:04 count К  = 28 
19.02.2023 18:05:04 count Л  = 36 
19.02.2023 18:05:04 count М  = 49 
19.02.2023 18:05:04 count Н  = 84 
19.02.2023 18:05:04 count О  = 158 
19.02.2023 18:05:04 count П  = 31 
19.02.2023 18:05:04 count Р  = 62 
19.02.2023 18:05:04 count С  = 67 
19.02.2023 18:05:04 count Т  = 93 
19.02.2023 18:05:04 count У  = 25 
19.02.2023 18:05:04 count Ф  = 3 
19.02.2023 18:05:04 count Х  = 16 
19.02.2023 18:05:04 count Ц  = 5 
19.02.2023 18:05:04 count Ч  = 8 
19.02.2023 18:05:04 count Ш  = 2 
19.02.2023 18:05:04 count Щ  = 3 
19.02.2023 18:05:04 count Ы  = 25 
19.02.2023 18:05:04 count Ь  = 30 
19.02.2023 18:05:04 count Э  = 11 
19.02.2023 18:05:04 count Ю  = 14 
19.02.2023 18:05:04 count Я  = 37 
19.02.2023 18:05:04 count –  = 6 
19.02.2023 18:05:04 count 0  = 8321 
19.02.2023 18:05:04 count 1  = 5799 
19.02.2023 18:05:04 count A  = 90 
19.02.2023 18:05:04 count B  = 13 
19.02.2023 18:05:04 count C  = 39 
19.02.2023 18:05:04 count D  = 57 
19.02.2023 18:05:04 count E  = 298 
19.02.2023 18:05:04 count F  = 22 
19.02.2023 18:05:04 count G  = 15 
19.02.2023 18:05:04 count H  = 10 
19.02.2023 18:05:04 count I  = 93 
19.02.2023 18:05:04 count J  = 1 
19.02.2023 18:05:04 count L  = 89 
19.02.2023 18:05:04 count M  = 43 
19.02.2023 18:05:04 count N  = 136 
19.02.2023 18:05:04 count O  = 103 
19.02.2023 18:05:04 count P  = 84 
19.02.2023 18:05:04 count Q  = 14 
19.02.2023 18:05:04 count R  = 130 
19.02.2023 18:05:04 count S  = 153 
19.02.2023 18:05:04 count T  = 117 
19.02.2023 18:05:04 count U  = 103 
19.02.2023 18:05:04 count V  = 35 
19.02.2023 18:05:04 count X  = 5 
19.02.2023 18:05:04 count Y  = 1 
19.02.2023 18:05:04 count Z  = 3 
19.02.2023 18:05:04 count À  = 6 
19.02.2023 18:05:04 count È  = 3 
19.02.2023 18:05:04 count É  = 43 
19.02.2023 18:05:04 count Ê  = 2 
19.02.2023 18:05:04 count Ù  = 3 
19.02.2023 18:05:04 count 0  = 13044 
19.02.2023 18:05:04 count 1  = 13110 
19.02.2023 18:06:07 count А  = 88 
19.02.2023 18:06:07 count Б  = 15 
19.02.2023 18:06:07 count В  = 64 
19.02.2023 18:06:07 count Г  = 22 
19.02.2023 18:06:07 count Д  = 51 
19.02.2023 18:06:07 count Е  = 105 
19.02.2023 18:06:07 count Ж  = 16 
19.02.2023 18:06:07 count З  = 23 
19.02.2023 18:06:07 count И  = 92 
19.02.2023 18:06:07 count Й  = 13 
19.02.2023 18:06:07 count К  = 28 
19.02.2023 18:06:07 count Л  = 36 
19.02.2023 18:06:07 count М  = 49 
19.02.2023 18:06:07 count Н  = 84 
19.02.2023 18:06:07 count О  = 158 
19.02.2023 18:06:07 count П  = 31 
19.02.2023 18:06:07 count Р  = 62 
19.02.2023 18:06:07 count С  = 67 
19.02.2023 18:06:07 count Т  = 93 
19.02.2023 18:06:07 count У  = 25 
19.02.2023 18:06:07 count Ф  = 3 
19.02.2023 18:06:07 count Х  = 16 
19.02.2023 18:06:07 count Ц  = 5 
19.02.2023 18:06:07 count Ч  = 8 
19.02.2023 18:06:07 count Ш  = 2 
19.02.2023 18:06:07 count Щ  = 3 
19.02.2023 18:06:07 count Ы  = 25 
19.02.2023 18:06:07 count Ь  = 30 
19.02.2023 18:06:07 count Э  = 11 
19.02.2023 18:06:07 count Ю  = 14 
19.02.2023 18:06:07 count Я  = 37 
19.02.2023 18:06:07 count –  = 6 
19.02.2023 18:06:07 count 0  = 8321 
19.02.2023 18:06:07 count 1  = 5799 
19.02.2023 18:06:07 count A  = 90 
19.02.2023 18:06:07 count B  = 13 
19.02.2023 18:06:07 count C  = 39 
19.02.2023 18:06:07 count D  = 57 
19.02.2023 18:06:07 count E  = 298 
19.02.2023 18:06:07 count F  = 22 
19.02.2023 18:06:07 count G  = 15 
19.02.2023 18:06:07 count H  = 10 
19.02.2023 18:06:07 count I  = 93 
19.02.2023 18:06:07 count J  = 1 
19.02.2023 18:06:07 count L  = 89 
19.02.2023 18:06:07 count M  = 43 
19.02.2023 18:06:07 count N  = 136 
19.02.2023 18:06:07 count O  = 103 
19.02.2023 18:06:07 count P  = 84 
19.02.2023 18:06:07 count Q  = 14 
19.02.2023 18:06:07 count R  = 130 
19.02.2023 18:06:07 count S  = 153 
19.02.2023 18:06:07 count T  = 117 
19.02.2023 18:06:07 count U  = 103 
19.02.2023 18:06:07 count V  = 35 
19.02.2023 18:06:07 count X  = 5 
19.02.2023 18:06:07 count Y  = 1 
19.02.2023 18:06:07 count Z  = 3 
19.02.2023 18:06:07 count À  = 6 
19.02.2023 18:06:07 count È  = 3 
19.02.2023 18:06:07 count É  = 43 
19.02.2023 18:06:07 count Ê  = 2 
19.02.2023 18:06:07 count Ù  = 3 
19.02.2023 18:06:07 count 0  = 13044 
19.02.2023 18:06:07 count 1  = 13110 
19.02.2023 18:06:33 count А  = 88 
19.02.2023 18:06:33 count Б  = 15 
19.02.2023 18:06:33 count В  = 64 
19.02.2023 18:06:33 count Г  = 22 
19.02.2023 18:06:33 count Д  = 51 
19.02.2023 18:06:33 count Е  = 105 
19.02.2023 18:06:33 count Ж  = 16 
19.02.2023 18:06:33 count З  = 23 
19.02.2023 18:06:33 count И  = 92 
19.02.2023 18:06:33 count Й  = 13 
19.02.2023 18:06:33 count К  = 28 
19.02.2023 18:06:33 count Л  = 36 
19.02.2023 18:06:33 count М  = 49 
19.02.2023 18:06:33 count Н  = 84 
19.02.2023 18:06:33 count О  = 158 
19.02.2023 18:06:33 count П  = 31 
19.02.2023 18:06:33 count Р  = 62 
19.02.2023 18:06:33 count С  = 67 
19.02.2023 18:06:33 count Т  = 93 
19.02.2023 18:06:33 count У  = 25 
19.02.2023 18:06:33 count Ф  = 3 
19.02.2023 18:06:33 count Х  = 16 
19.02.2023 18:06:33 count Ц  = 5 
19.02.2023 18:06:33 count Ч  = 8 
19.02.2023 18:06:33 count Ш  = 2 
19.02.2023 18:06:33 count Щ  = 3 
19.02.2023 18:06:33 count Ы  = 25 
19.02.2023 18:06:33 count Ь  = 30 
19.02.2023 18:06:33 count Э  = 11 
19.02.2023 18:06:33 count Ю  = 14 
19.02.2023 18:06:33 count Я  = 37 
19.02.2023 18:06:33 count –  = 6 
19.02.2023 18:06:33 count 0  = 8321 
19.02.2023 18:06:33 count 1  = 5799 
19.02.2023 18:06:33 count A  = 90 
19.02.2023 18:06:33 count B  = 13 
19.02.2023 18:06:33 count C  = 39 
19.02.2023 18:06:33 count D  = 57 
19.02.2023 18:06:33 count E  = 298 
19.02.2023 18:06:33 count F  = 22 
19.02.2023 18:06:33 count G  = 15 
19.02.2023 18:06:33 count H  = 10 
19.02.2023 18:06:33 count I  = 93 
19.02.2023 18:06:33 count J  = 1 
19.02.2023 18:06:33 count L  = 89 
19.02.2023 18:06:33 count M  = 43 
19.02.2023 18:06:33 count N  = 136 
19.02.2023 18:06:33 count O  = 103 
19.02.2023 18:06:33 count P  = 84 
19.02.2023 18:06:33 count Q  = 14 
19.02.2023 18:06:33 count R  = 130 
19.02.2023 18:06:33 count S  = 153 
19.02.2023 18:06:33 count T  = 117 
19.02.2023 18:06:33 count U  = 103 
19.02.2023 18:06:33 count V  = 35 
19.02.2023 18:06:33 count X  = 5 
19.02.2023 18:06:33 count Y  = 1 
19.02.2023 18:06:33 count Z  = 3 
19.02.2023 18:06:33 count À  = 6 
19.02.2023 18:06:33 count È  = 3 
19.02.2023 18:06:33 count É  = 43 
19.02.2023 18:06:33 count Ê  = 2 
19.02.2023 18:06:33 count Ù  = 3 
19.02.2023 18:06:33 count 0  = 13044 
19.02.2023 18:06:33 count 1  = 13110 
19.02.2023 18:27:03 count А  = 88 
19.02.2023 18:27:03 count Б  = 15 
19.02.2023 18:27:03 count В  = 64 
19.02.2023 18:27:03 count Г  = 22 
19.02.2023 18:27:03 count Д  = 51 
19.02.2023 18:27:03 count Е  = 105 
19.02.2023 18:27:03 count Ж  = 16 
19.02.2023 18:27:03 count З  = 23 
19.02.2023 18:27:03 count И  = 92 
19.02.2023 18:27:03 count Й  = 13 
19.02.2023 18:27:03 count К  = 28 
19.02.2023 18:27:03 count Л  = 36 
19.02.2023 18:27:03 count М  = 49 
19.02.2023 18:27:03 count Н  = 84 
19.02.2023 18:27:03 count О  = 158 
19.02.2023 18:27:03 count П  = 31 
19.02.2023 18:27:03 count Р  = 62 
19.02.2023 18:27:03 count С  = 67 
19.02.2023 18:27:03 count Т  = 93 
19.02.2023 18:27:03 count У  = 25 
19.02.2023 18:27:03 count Ф  = 3 
19.02.2023 18:27:03 count Х  = 16 
19.02.2023 18:27:03 count Ц  = 5 
19.02.2023 18:27:03 count Ч  = 8 
19.02.2023 18:27:03 count Ш  = 2 
19.02.2023 18:27:03 count Щ  = 3 
19.02.2023 18:27:03 count Ы  = 25 
19.02.2023 18:27:03 count Ь  = 30 
19.02.2023 18:27:03 count Э  = 11 
19.02.2023 18:27:03 count Ю  = 14 
19.02.2023 18:27:03 count Я  = 37 
19.02.2023 18:27:03 count –  = 6 
19.02.2023 18:27:03 count 0  = 8321 
19.02.2023 18:27:03 count 1  = 5799 
19.02.2023 18:27:03 count A  = 90 
19.02.2023 18:27:03 count B  = 13 
19.02.2023 18:27:03 count C  = 39 
19.02.2023 18:27:03 count D  = 57 
19.02.2023 18:27:03 count E  = 298 
19.02.2023 18:27:03 count F  = 22 
19.02.2023 18:27:03 count G  = 15 
19.02.2023 18:27:03 count H  = 10 
19.02.2023 18:27:03 count I  = 93 
19.02.2023 18:27:03 count J  = 1 
19.02.2023 18:27:03 count L  = 89 
19.02.2023 18:27:03 count M  = 43 
19.02.2023 18:27:03 count N  = 136 
19.02.2023 18:27:03 count O  = 103 
19.02.2023 18:27:03 count P  = 84 
19.02.2023 18:27:03 count Q  = 14 
19.02.2023 18:27:03 count R  = 130 
19.02.2023 18:27:03 count S  = 153 
19.02.2023 18:27:03 count T  = 117 
19.02.2023 18:27:03 count U  = 103 
19.02.2023 18:27:03 count V  = 35 
19.02.2023 18:27:03 count X  = 5 
19.02.2023 18:27:03 count Y  = 1 
19.02.2023 18:27:03 count Z  = 3 
19.02.2023 18:27:03 count À  = 6 
19.02.2023 18:27:03 count È  = 3 
19.02.2023 18:27:03 count É  = 43 
19.02.2023 18:27:03 count Ê  = 2 
19.02.2023 18:27:03 count Ù  = 3 
19.02.2023 18:27:03 count 0  = 13044 
19.02.2023 18:27:03 count 1  = 13110 
20.02.2023 8:43:53 count А  = 88 
20.02.2023 8:43:53 count Б  = 15 
20.02.2023 8:43:53 count В  = 64 
20.02.2023 8:43:53 count Г  = 22 
20.02.2023 8:43:53 count Д  = 51 
20.02.2023 8:43:53 count Е  = 105 
20.02.2023 8:43:53 count Ж  = 16 
20.02.2023 8:43:53 count З  = 23 
20.02.2023 8:43:53 count И  = 92 
20.02.2023 8:43:53 count Й  = 13 
20.02.2023 8:43:53 count К  = 28 
20.02.2023 8:43:53 count Л  = 36 
20.02.2023 8:43:53 count М  = 49 
20.02.2023 8:43:53 count Н  = 84 
20.02.2023 8:43:53 count О  = 158 
20.02.2023 8:43:53 count П  = 31 
20.02.2023 8:43:53 count Р  = 62 
20.02.2023 8:43:53 count С  = 67 
20.02.2023 8:43:53 count Т  = 93 
20.02.2023 8:43:53 count У  = 25 
20.02.2023 8:43:53 count Ф  = 3 
20.02.2023 8:43:53 count Х  = 16 
20.02.2023 8:43:53 count Ц  = 5 
20.02.2023 8:43:53 count Ч  = 8 
20.02.2023 8:43:53 count Ш  = 2 
20.02.2023 8:43:53 count Щ  = 3 
20.02.2023 8:43:53 count Ы  = 25 
20.02.2023 8:43:53 count Ь  = 30 
20.02.2023 8:43:53 count Э  = 11 
20.02.2023 8:43:53 count Ю  = 14 
20.02.2023 8:43:53 count Я  = 37 
20.02.2023 8:43:53 count –  = 6 
20.02.2023 8:43:53 count 0  = 8321 
20.02.2023 8:43:53 count 1  = 5799 
20.02.2023 8:43:53 count A  = 90 
20.02.2023 8:43:53 count B  = 13 
20.02.2023 8:43:53 count C  = 39 
20.02.2023 8:43:53 count D  = 57 
20.02.2023 8:43:53 count E  = 298 
20.02.2023 8:43:53 count F  = 22 
20.02.2023 8:43:53 count G  = 15 
20.02.2023 8:43:53 count H  = 10 
20.02.2023 8:43:53 count I  = 93 
20.02.2023 8:43:53 count J  = 1 
20.02.2023 8:43:53 count L  = 89 
20.02.2023 8:43:53 count M  = 43 
20.02.2023 8:43:53 count N  = 136 
20.02.2023 8:43:53 count O  = 103 
20.02.2023 8:43:53 count P  = 84 
20.02.2023 8:43:53 count Q  = 14 
20.02.2023 8:43:53 count R  = 130 
20.02.2023 8:43:53 count S  = 153 
20.02.2023 8:43:53 count T  = 117 
20.02.2023 8:43:53 count U  = 103 
20.02.2023 8:43:53 count V  = 35 
20.02.2023 8:43:53 count X  = 5 
20.02.2023 8:43:53 count Y  = 1 
20.02.2023 8:43:53 count Z  = 3 
20.02.2023 8:43:53 count À  = 6 
20.02.2023 8:43:53 count È  = 3 
20.02.2023 8:43:53 count É  = 43 
20.02.2023 8:43:53 count Ê  = 2 
20.02.2023 8:43:53 count Ù  = 3 
20.02.2023 8:43:53 count 0  = 13044 
20.02.2023 8:43:53 count 1  = 13110 
