Element А - 88 

Element Б - 15 

Element В - 64 

Element Г - 22 

Element Д - 51 

Element Е - 105 

Element Ж - 16 

Element З - 23 

Element И - 92 

Element Й - 13 

Element К - 28 

Element Л - 36 

Element М - 49 

Element Н - 84 

Element О - 158 

Element П - 31 

Element Р - 62 

Element С - 67 

Element Т - 93 

Element У - 25 

Element Ф - 3 

Element Х - 16 

Element Ц - 5 

Element Ч - 8 

Element Ш - 2 

Element Щ - 3 

Element Ы - 25 

Element Ь - 30 

Element Э - 11 

Element Ю - 14 

Element Я - 37 

Element – - 6 

